<?xml version="1.0" encoding="UTF-8"?>
<!-- Generated by org.testng.reporters.JUnitReportReporter -->
<testsuite name="com.opencellsoft.testng.tests.reporting.TestCharts" tests="1" time="24.375" ignored="4" failures="0" timestamp="23 dÃ©c. 2019 11:09:13 GMT" skipped="0" hostname="DESKTOP-JRO2HF0" errors="0">
  <testcase name="testCharts" time="24.375" classname="com.opencellsoft.testng.tests.reporting.TestCharts"/>
  <testcase name="afterSuite" classname="com.opencellsoft.testng.tests.base.TestBase">
    <skipped/>
  </testcase> <!-- afterSuite -->
  <testcase name="beforeTest" classname="com.opencellsoft.testng.tests.base.TestBase">
    <skipped/>
  </testcase> <!-- beforeTest -->
  <testcase name="afterTest" classname="com.opencellsoft.testng.tests.base.TestBase">
    <skipped/>
  </testcase> <!-- afterTest -->
  <testcase name="beforeSuite" classname="com.opencellsoft.testng.tests.base.TestBase">
    <skipped/>
  </testcase> <!-- beforeSuite -->
</testsuite> <!-- com.opencellsoft.testng.tests.reporting.TestCharts -->
