<?xml version="1.0" encoding="UTF-8"?>
<!-- Generated by org.testng.reporters.JUnitReportReporter -->
<testsuite name="com.opencellsoft.testng.tests.setup.TestAdminLoginKC" tests="1" time="9.949" ignored="0" failures="0" timestamp="25 dÃ©c. 2019 10:37:15 GMT" skipped="0" hostname="DESKTOP-JRO2HF0" errors="0">
  <testcase name="login" time="9.949" classname="com.opencellsoft.testng.tests.setup.TestAdminLoginKC"/>
</testsuite> <!-- com.opencellsoft.testng.tests.setup.TestAdminLoginKC -->
