<?xml version="1.0" encoding="UTF-8"?>
<!-- Generated by org.testng.reporters.JUnitReportReporter -->
<testsuite name="com.opencellsoft.testng.tests.clients.TestClient" tests="1" time="1.496" ignored="0" failures="0" timestamp="08 janv. 2020 15:57:49 GMT" skipped="0" hostname="DESKTOP-JRO2HF0" errors="0">
  <testcase name="clientdetails" time="1.496" classname="com.opencellsoft.testng.tests.clients.TestClient"/>
</testsuite> <!-- com.opencellsoft.testng.tests.clients.TestClient -->
