<?xml version="1.0" encoding="UTF-8"?>
<!-- Generated by org.testng.reporters.JUnitReportReporter -->
<testsuite name="com.opencellsoft.testng.tests.compteClient.TestCompteClient" tests="1" time="5.761" ignored="0" failures="0" timestamp="08 janv. 2020 16:04:55 GMT" skipped="0" hostname="DESKTOP-JRO2HF0" errors="0">
  <testcase name="clientClientdetails" time="5.761" classname="com.opencellsoft.testng.tests.compteClient.TestCompteClient"/>
</testsuite> <!-- com.opencellsoft.testng.tests.compteClient.TestCompteClient -->
