<?xml version="1.0" encoding="UTF-8"?>
<!-- Generated by org.testng.reporters.JUnitReportReporter -->
<testsuite name="com.opencellsoft.testng.tests.quotesandorders.TestQuotes" tests="1" time="13.694" ignored="4" failures="0" timestamp="08 nov. 2019 12:26:49 GMT" skipped="0" hostname="DESKTOP-JRO2HF0" errors="0">
  <testcase name="testQuotesPage" time="13.694" classname="com.opencellsoft.testng.tests.quotesandorders.TestQuotes"/>
  <testcase name="afterSuite" classname="com.opencellsoft.testng.tests.base.TestBase">
    <skipped/>
  </testcase> <!-- afterSuite -->
  <testcase name="beforeTest" classname="com.opencellsoft.testng.tests.base.TestBase">
    <skipped/>
  </testcase> <!-- beforeTest -->
  <testcase name="afterTest" classname="com.opencellsoft.testng.tests.base.TestBase">
    <skipped/>
  </testcase> <!-- afterTest -->
  <testcase name="beforeSuite" classname="com.opencellsoft.testng.tests.base.TestBase">
    <skipped/>
  </testcase> <!-- beforeSuite -->
</testsuite> <!-- com.opencellsoft.testng.tests.quotesandorders.TestQuotes -->
