<?xml version="1.0" encoding="UTF-8"?>
<!-- Generated by org.testng.reporters.JUnitReportReporter -->
<testsuite name="com.opencellsoft.testng.tests.configuration.TestInvoiceSubCategories" tests="1" time="19.449" ignored="80" failures="0" timestamp="23 dÃ©c. 2019 11:02:47 GMT" skipped="0" hostname="DESKTOP-JRO2HF0" errors="0">
  <testcase name="testInvoiceSubCategoriesPage" time="19.449" classname="com.opencellsoft.testng.tests.configuration.TestInvoiceSubCategories"/>
  <testcase name="afterSuite" classname="com.opencellsoft.testng.tests.base.TestBase">
    <skipped/>
  </testcase> <!-- afterSuite -->
  <testcase name="afterSuite" classname="com.opencellsoft.testng.tests.base.TestBase">
    <skipped/>
  </testcase> <!-- afterSuite -->
  <testcase name="afterSuite" classname="com.opencellsoft.testng.tests.base.TestBase">
    <skipped/>
  </testcase> <!-- afterSuite -->
  <testcase name="afterSuite" classname="com.opencellsoft.testng.tests.base.TestBase">
    <skipped/>
  </testcase> <!-- afterSuite -->
  <testcase name="afterSuite" classname="com.opencellsoft.testng.tests.base.TestBase">
    <skipped/>
  </testcase> <!-- afterSuite -->
  <testcase name="afterSuite" classname="com.opencellsoft.testng.tests.base.TestBase">
    <skipped/>
  </testcase> <!-- afterSuite -->
  <testcase name="afterSuite" classname="com.opencellsoft.testng.tests.base.TestBase">
    <skipped/>
  </testcase> <!-- afterSuite -->
  <testcase name="afterSuite" classname="com.opencellsoft.testng.tests.base.TestBase">
    <skipped/>
  </testcase> <!-- afterSuite -->
  <testcase name="afterSuite" classname="com.opencellsoft.testng.tests.base.TestBase">
    <skipped/>
  </testcase> <!-- afterSuite -->
  <testcase name="afterSuite" classname="com.opencellsoft.testng.tests.base.TestBase">
    <skipped/>
  </testcase> <!-- afterSuite -->
  <testcase name="afterSuite" classname="com.opencellsoft.testng.tests.base.TestBase">
    <skipped/>
  </testcase> <!-- afterSuite -->
  <testcase name="afterSuite" classname="com.opencellsoft.testng.tests.base.TestBase">
    <skipped/>
  </testcase> <!-- afterSuite -->
  <testcase name="afterSuite" classname="com.opencellsoft.testng.tests.base.TestBase">
    <skipped/>
  </testcase> <!-- afterSuite -->
  <testcase name="afterSuite" classname="com.opencellsoft.testng.tests.base.TestBase">
    <skipped/>
  </testcase> <!-- afterSuite -->
  <testcase name="afterSuite" classname="com.opencellsoft.testng.tests.base.TestBase">
    <skipped/>
  </testcase> <!-- afterSuite -->
  <testcase name="afterSuite" classname="com.opencellsoft.testng.tests.base.TestBase">
    <skipped/>
  </testcase> <!-- afterSuite -->
  <testcase name="afterSuite" classname="com.opencellsoft.testng.tests.base.TestBase">
    <skipped/>
  </testcase> <!-- afterSuite -->
  <testcase name="afterSuite" classname="com.opencellsoft.testng.tests.base.TestBase">
    <skipped/>
  </testcase> <!-- afterSuite -->
  <testcase name="afterSuite" classname="com.opencellsoft.testng.tests.base.TestBase">
    <skipped/>
  </testcase> <!-- afterSuite -->
  <testcase name="afterSuite" classname="com.opencellsoft.testng.tests.base.TestBase">
    <skipped/>
  </testcase> <!-- afterSuite -->
  <testcase name="beforeSuite" classname="com.opencellsoft.testng.tests.base.TestBase">
    <skipped/>
  </testcase> <!-- beforeSuite -->
  <testcase name="beforeSuite" classname="com.opencellsoft.testng.tests.base.TestBase">
    <skipped/>
  </testcase> <!-- beforeSuite -->
  <testcase name="beforeSuite" classname="com.opencellsoft.testng.tests.base.TestBase">
    <skipped/>
  </testcase> <!-- beforeSuite -->
  <testcase name="beforeSuite" classname="com.opencellsoft.testng.tests.base.TestBase">
    <skipped/>
  </testcase> <!-- beforeSuite -->
  <testcase name="beforeSuite" classname="com.opencellsoft.testng.tests.base.TestBase">
    <skipped/>
  </testcase> <!-- beforeSuite -->
  <testcase name="beforeSuite" classname="com.opencellsoft.testng.tests.base.TestBase">
    <skipped/>
  </testcase> <!-- beforeSuite -->
  <testcase name="beforeSuite" classname="com.opencellsoft.testng.tests.base.TestBase">
    <skipped/>
  </testcase> <!-- beforeSuite -->
  <testcase name="beforeSuite" classname="com.opencellsoft.testng.tests.base.TestBase">
    <skipped/>
  </testcase> <!-- beforeSuite -->
  <testcase name="beforeSuite" classname="com.opencellsoft.testng.tests.base.TestBase">
    <skipped/>
  </testcase> <!-- beforeSuite -->
  <testcase name="beforeSuite" classname="com.opencellsoft.testng.tests.base.TestBase">
    <skipped/>
  </testcase> <!-- beforeSuite -->
  <testcase name="beforeSuite" classname="com.opencellsoft.testng.tests.base.TestBase">
    <skipped/>
  </testcase> <!-- beforeSuite -->
  <testcase name="beforeSuite" classname="com.opencellsoft.testng.tests.base.TestBase">
    <skipped/>
  </testcase> <!-- beforeSuite -->
  <testcase name="beforeSuite" classname="com.opencellsoft.testng.tests.base.TestBase">
    <skipped/>
  </testcase> <!-- beforeSuite -->
  <testcase name="beforeSuite" classname="com.opencellsoft.testng.tests.base.TestBase">
    <skipped/>
  </testcase> <!-- beforeSuite -->
  <testcase name="beforeSuite" classname="com.opencellsoft.testng.tests.base.TestBase">
    <skipped/>
  </testcase> <!-- beforeSuite -->
  <testcase name="beforeSuite" classname="com.opencellsoft.testng.tests.base.TestBase">
    <skipped/>
  </testcase> <!-- beforeSuite -->
  <testcase name="beforeSuite" classname="com.opencellsoft.testng.tests.base.TestBase">
    <skipped/>
  </testcase> <!-- beforeSuite -->
  <testcase name="beforeSuite" classname="com.opencellsoft.testng.tests.base.TestBase">
    <skipped/>
  </testcase> <!-- beforeSuite -->
  <testcase name="beforeSuite" classname="com.opencellsoft.testng.tests.base.TestBase">
    <skipped/>
  </testcase> <!-- beforeSuite -->
  <testcase name="beforeSuite" classname="com.opencellsoft.testng.tests.base.TestBase">
    <skipped/>
  </testcase> <!-- beforeSuite -->
  <testcase name="beforeTest" classname="com.opencellsoft.testng.tests.base.TestBase">
    <skipped/>
  </testcase> <!-- beforeTest -->
  <testcase name="beforeTest" classname="com.opencellsoft.testng.tests.base.TestBase">
    <skipped/>
  </testcase> <!-- beforeTest -->
  <testcase name="beforeTest" classname="com.opencellsoft.testng.tests.base.TestBase">
    <skipped/>
  </testcase> <!-- beforeTest -->
  <testcase name="beforeTest" classname="com.opencellsoft.testng.tests.base.TestBase">
    <skipped/>
  </testcase> <!-- beforeTest -->
  <testcase name="beforeTest" classname="com.opencellsoft.testng.tests.base.TestBase">
    <skipped/>
  </testcase> <!-- beforeTest -->
  <testcase name="beforeTest" classname="com.opencellsoft.testng.tests.base.TestBase">
    <skipped/>
  </testcase> <!-- beforeTest -->
  <testcase name="beforeTest" classname="com.opencellsoft.testng.tests.base.TestBase">
    <skipped/>
  </testcase> <!-- beforeTest -->
  <testcase name="beforeTest" classname="com.opencellsoft.testng.tests.base.TestBase">
    <skipped/>
  </testcase> <!-- beforeTest -->
  <testcase name="beforeTest" classname="com.opencellsoft.testng.tests.base.TestBase">
    <skipped/>
  </testcase> <!-- beforeTest -->
  <testcase name="beforeTest" classname="com.opencellsoft.testng.tests.base.TestBase">
    <skipped/>
  </testcase> <!-- beforeTest -->
  <testcase name="beforeTest" classname="com.opencellsoft.testng.tests.base.TestBase">
    <skipped/>
  </testcase> <!-- beforeTest -->
  <testcase name="beforeTest" classname="com.opencellsoft.testng.tests.base.TestBase">
    <skipped/>
  </testcase> <!-- beforeTest -->
  <testcase name="beforeTest" classname="com.opencellsoft.testng.tests.base.TestBase">
    <skipped/>
  </testcase> <!-- beforeTest -->
  <testcase name="beforeTest" classname="com.opencellsoft.testng.tests.base.TestBase">
    <skipped/>
  </testcase> <!-- beforeTest -->
  <testcase name="beforeTest" classname="com.opencellsoft.testng.tests.base.TestBase">
    <skipped/>
  </testcase> <!-- beforeTest -->
  <testcase name="beforeTest" classname="com.opencellsoft.testng.tests.base.TestBase">
    <skipped/>
  </testcase> <!-- beforeTest -->
  <testcase name="beforeTest" classname="com.opencellsoft.testng.tests.base.TestBase">
    <skipped/>
  </testcase> <!-- beforeTest -->
  <testcase name="beforeTest" classname="com.opencellsoft.testng.tests.base.TestBase">
    <skipped/>
  </testcase> <!-- beforeTest -->
  <testcase name="beforeTest" classname="com.opencellsoft.testng.tests.base.TestBase">
    <skipped/>
  </testcase> <!-- beforeTest -->
  <testcase name="beforeTest" classname="com.opencellsoft.testng.tests.base.TestBase">
    <skipped/>
  </testcase> <!-- beforeTest -->
  <testcase name="afterTest" classname="com.opencellsoft.testng.tests.base.TestBase">
    <skipped/>
  </testcase> <!-- afterTest -->
  <testcase name="afterTest" classname="com.opencellsoft.testng.tests.base.TestBase">
    <skipped/>
  </testcase> <!-- afterTest -->
  <testcase name="afterTest" classname="com.opencellsoft.testng.tests.base.TestBase">
    <skipped/>
  </testcase> <!-- afterTest -->
  <testcase name="afterTest" classname="com.opencellsoft.testng.tests.base.TestBase">
    <skipped/>
  </testcase> <!-- afterTest -->
  <testcase name="afterTest" classname="com.opencellsoft.testng.tests.base.TestBase">
    <skipped/>
  </testcase> <!-- afterTest -->
  <testcase name="afterTest" classname="com.opencellsoft.testng.tests.base.TestBase">
    <skipped/>
  </testcase> <!-- afterTest -->
  <testcase name="afterTest" classname="com.opencellsoft.testng.tests.base.TestBase">
    <skipped/>
  </testcase> <!-- afterTest -->
  <testcase name="afterTest" classname="com.opencellsoft.testng.tests.base.TestBase">
    <skipped/>
  </testcase> <!-- afterTest -->
  <testcase name="afterTest" classname="com.opencellsoft.testng.tests.base.TestBase">
    <skipped/>
  </testcase> <!-- afterTest -->
  <testcase name="afterTest" classname="com.opencellsoft.testng.tests.base.TestBase">
    <skipped/>
  </testcase> <!-- afterTest -->
  <testcase name="afterTest" classname="com.opencellsoft.testng.tests.base.TestBase">
    <skipped/>
  </testcase> <!-- afterTest -->
  <testcase name="afterTest" classname="com.opencellsoft.testng.tests.base.TestBase">
    <skipped/>
  </testcase> <!-- afterTest -->
  <testcase name="afterTest" classname="com.opencellsoft.testng.tests.base.TestBase">
    <skipped/>
  </testcase> <!-- afterTest -->
  <testcase name="afterTest" classname="com.opencellsoft.testng.tests.base.TestBase">
    <skipped/>
  </testcase> <!-- afterTest -->
  <testcase name="afterTest" classname="com.opencellsoft.testng.tests.base.TestBase">
    <skipped/>
  </testcase> <!-- afterTest -->
  <testcase name="afterTest" classname="com.opencellsoft.testng.tests.base.TestBase">
    <skipped/>
  </testcase> <!-- afterTest -->
  <testcase name="afterTest" classname="com.opencellsoft.testng.tests.base.TestBase">
    <skipped/>
  </testcase> <!-- afterTest -->
  <testcase name="afterTest" classname="com.opencellsoft.testng.tests.base.TestBase">
    <skipped/>
  </testcase> <!-- afterTest -->
  <testcase name="afterTest" classname="com.opencellsoft.testng.tests.base.TestBase">
    <skipped/>
  </testcase> <!-- afterTest -->
  <testcase name="afterTest" classname="com.opencellsoft.testng.tests.base.TestBase">
    <skipped/>
  </testcase> <!-- afterTest -->
</testsuite> <!-- com.opencellsoft.testng.tests.configuration.TestInvoiceSubCategories -->
