<?xml version="1.0" encoding="UTF-8"?>
<!-- Generated by org.testng.reporters.JUnitReportReporter -->
<testsuite name="com.opencellsoft.testng.tests.configuration.TestAdminLoginKC" tests="1" time="10.446" ignored="0" failures="0" timestamp="09 janv. 2020 14:49:58 GMT" skipped="0" hostname="DESKTOP-JRO2HF0" errors="0">
  <testcase name="login" time="10.446" classname="com.opencellsoft.testng.tests.configuration.TestAdminLoginKC"/>
</testsuite> <!-- com.opencellsoft.testng.tests.configuration.TestAdminLoginKC -->
