<?xml version="1.0" encoding="UTF-8"?>
<!-- Generated by org.testng.reporters.JUnitReportReporter -->
<testsuite name="com.opencellsoft.testng.tests.configuration.TestAdminLoginKC" tests="1" time="23.051" ignored="0" failures="0" timestamp="08 janv. 2020 16:04:55 GMT" skipped="0" hostname="DESKTOP-JRO2HF0" errors="0">
  <testcase name="login" time="23.051" classname="com.opencellsoft.testng.tests.configuration.TestAdminLoginKC"/>
</testsuite> <!-- com.opencellsoft.testng.tests.configuration.TestAdminLoginKC -->
