<?xml version="1.0" encoding="UTF-8"?>
<!-- Generated by org.testng.reporters.JUnitReportReporter -->
<testsuite name="com.opencellsoft.testng.tests.custommercare.TestUsers" tests="1" time="76.505" ignored="0" failures="0" timestamp="04 juin 2018 10:56:29 GMT" skipped="0" hostname="MIFTAH" errors="0">
  <testcase name="testUsersPage" time="76.505" classname="com.opencellsoft.testng.tests.custommercare.TestUsers"/>
</testsuite> <!-- com.opencellsoft.testng.tests.custommercare.TestUsers -->
